{"C:\\Users\\USER\\practica\\pruebas-software-dawa\\src\\app.js": {"path":"C:\\Users\\USER\\practica\\pruebas-software-dawa\\src\\app.js","statementMap":{"0":{"start":{"line":1,"column":16},"end":{"line":1,"column":34}},"1":{"start":{"line":6,"column":4},"end":{"line":6,"column":34}},"2":{"start":{"line":8,"column":12},"end":{"line":8,"column":21}},"3":{"start":{"line":10,"column":0},"end":{"line":10,"column":24}},"4":{"start":{"line":13,"column":0},"end":{"line":24,"column":3}},"5":{"start":{"line":14,"column":20},"end":{"line":18,"column":3}},"6":{"start":{"line":20,"column":2},"end":{"line":23,"column":5}},"7":{"start":{"line":27,"column":0},"end":{"line":50,"column":3}},"8":{"start":{"line":28,"column":33},"end":{"line":28,"column":41}},"9":{"start":{"line":30,"column":2},"end":{"line":35,"column":3}},"10":{"start":{"line":31,"column":4},"end":{"line":34,"column":7}},"11":{"start":{"line":37,"column":2},"end":{"line":49,"column":3}},"12":{"start":{"line":38,"column":24},"end":{"line":38,"column":61}},"13":{"start":{"line":40,"column":4},"end":{"line":43,"column":7}},"14":{"start":{"line":45,"column":4},"end":{"line":48,"column":7}},"15":{"start":{"line":53,"column":0},"end":{"line":69,"column":3}},"16":{"start":{"line":54,"column":24},"end":{"line":54,"column":32}},"17":{"start":{"line":56,"column":2},"end":{"line":68,"column":3}},"18":{"start":{"line":57,"column":18},"end":{"line":57,"column":42}},"19":{"start":{"line":59,"column":4},"end":{"line":62,"column":7}},"20":{"start":{"line":64,"column":4},"end":{"line":67,"column":7}},"21":{"start":{"line":72,"column":0},"end":{"line":88,"column":3}},"22":{"start":{"line":73,"column":20},"end":{"line":73,"column":28}},"23":{"start":{"line":75,"column":2},"end":{"line":80,"column":3}},"24":{"start":{"line":76,"column":4},"end":{"line":79,"column":7}},"25":{"start":{"line":82,"column":19},"end":{"line":82,"column":38}},"26":{"start":{"line":84,"column":2},"end":{"line":87,"column":5}},"27":{"start":{"line":90,"column":0},"end":{"line":90,"column":21}}},"fnMap":{"0":{"name":"(anonymous_0)","decl":{"start":{"line":13,"column":26},"end":{"line":13,"column":27}},"loc":{"start":{"line":13,"column":40},"end":{"line":24,"column":1}},"line":13},"1":{"name":"(anonymous_1)","decl":{"start":{"line":27,"column":27},"end":{"line":27,"column":28}},"loc":{"start":{"line":27,"column":41},"end":{"line":50,"column":1}},"line":27},"2":{"name":"(anonymous_2)","decl":{"start":{"line":53,"column":23},"end":{"line":53,"column":24}},"loc":{"start":{"line":53,"column":37},"end":{"line":69,"column":1}},"line":53},"3":{"name":"(anonymous_3)","decl":{"start":{"line":72,"column":31},"end":{"line":72,"column":32}},"loc":{"start":{"line":72,"column":45},"end":{"line":88,"column":1}},"line":72}},"branchMap":{"0":{"loc":{"start":{"line":30,"column":2},"end":{"line":35,"column":3}},"type":"if","locations":[{"start":{"line":30,"column":2},"end":{"line":35,"column":3}},{"start":{},"end":{}}],"line":30},"1":{"loc":{"start":{"line":30,"column":6},"end":{"line":30,"column":54}},"type":"binary-expr","locations":[{"start":{"line":30,"column":6},"end":{"line":30,"column":26}},{"start":{"line":30,"column":30},"end":{"line":30,"column":54}}],"line":30},"2":{"loc":{"start":{"line":75,"column":2},"end":{"line":80,"column":3}},"type":"if","locations":[{"start":{"line":75,"column":2},"end":{"line":80,"column":3}},{"start":{},"end":{}}],"line":75}},"s":{"0":1,"1":1,"2":1,"3":1,"4":1,"5":2,"6":2,"7":1,"8":3,"9":3,"10":1,"11":2,"12":2,"13":1,"14":1,"15":1,"16":0,"17":0,"18":0,"19":0,"20":0,"21":1,"22":3,"23":3,"24":1,"25":2,"26":2,"27":1},"f":{"0":2,"1":3,"2":0,"3":3},"b":{"0":[1,2],"1":[3,3],"2":[1,2]},"_coverageSchema":"1a1c01bbd47fc00a2c39e90264f33305004495a9","hash":"1275d98421211913ee3324da396d88a2003a19e5"}
,"C:\\Users\\USER\\practica\\pruebas-software-dawa\\src\\utils\\calculadora.js": {"path":"C:\\Users\\USER\\practica\\pruebas-software-dawa\\src\\utils\\calculadora.js","statementMap":{"0":{"start":{"line":4,"column":2},"end":{"line":4,"column":69}},"1":{"start":{"line":4,"column":18},"end":{"line":4,"column":69}},"2":{"start":{"line":6,"column":2},"end":{"line":8,"column":3}},"3":{"start":{"line":7,"column":4},"end":{"line":7,"column":62}},"4":{"start":{"line":10,"column":2},"end":{"line":10,"column":46}},"5":{"start":{"line":14,"column":2},"end":{"line":16,"column":3}},"6":{"start":{"line":15,"column":4},"end":{"line":15,"column":46}},"7":{"start":{"line":18,"column":2},"end":{"line":20,"column":8}},"8":{"start":{"line":19,"column":4},"end":{"line":19,"column":49}},"9":{"start":{"line":24,"column":16},"end":{"line":24,"column":44}},"10":{"start":{"line":25,"column":2},"end":{"line":25,"column":27}},"11":{"start":{"line":29,"column":2},"end":{"line":29,"column":35}},"12":{"start":{"line":34,"column":2},"end":{"line":36,"column":3}},"13":{"start":{"line":35,"column":4},"end":{"line":35,"column":55}},"14":{"start":{"line":38,"column":2},"end":{"line":38,"column":44}},"15":{"start":{"line":41,"column":0},"end":{"line":47,"column":2}}},"fnMap":{"0":{"name":"calcularDescuento","decl":{"start":{"line":3,"column":9},"end":{"line":3,"column":26}},"loc":{"start":{"line":3,"column":47},"end":{"line":11,"column":1}},"line":3},"1":{"name":"calcularTotal","decl":{"start":{"line":13,"column":9},"end":{"line":13,"column":22}},"loc":{"start":{"line":13,"column":34},"end":{"line":21,"column":1}},"line":13},"2":{"name":"(anonymous_2)","decl":{"start":{"line":18,"column":26},"end":{"line":18,"column":27}},"loc":{"start":{"line":18,"column":43},"end":{"line":20,"column":3}},"line":18},"3":{"name":"validarEmail","decl":{"start":{"line":23,"column":9},"end":{"line":23,"column":21}},"loc":{"start":{"line":23,"column":29},"end":{"line":26,"column":1}},"line":23},"4":{"name":"formatearMoneda","decl":{"start":{"line":28,"column":9},"end":{"line":28,"column":24}},"loc":{"start":{"line":28,"column":35},"end":{"line":30,"column":1}},"line":28},"5":{"name":"aplicarIVA","decl":{"start":{"line":33,"column":9},"end":{"line":33,"column":19}},"loc":{"start":{"line":33,"column":28},"end":{"line":39,"column":1}},"line":33}},"branchMap":{"0":{"loc":{"start":{"line":4,"column":2},"end":{"line":4,"column":69}},"type":"if","locations":[{"start":{"line":4,"column":2},"end":{"line":4,"column":69}},{"start":{},"end":{}}],"line":4},"1":{"loc":{"start":{"line":6,"column":2},"end":{"line":8,"column":3}},"type":"if","locations":[{"start":{"line":6,"column":2},"end":{"line":8,"column":3}},{"start":{},"end":{}}],"line":6},"2":{"loc":{"start":{"line":6,"column":6},"end":{"line":6,"column":40}},"type":"binary-expr","locations":[{"start":{"line":6,"column":6},"end":{"line":6,"column":20}},{"start":{"line":6,"column":24},"end":{"line":6,"column":40}}],"line":6},"3":{"loc":{"start":{"line":14,"column":2},"end":{"line":16,"column":3}},"type":"if","locations":[{"start":{"line":14,"column":2},"end":{"line":16,"column":3}},{"start":{},"end":{}}],"line":14},"4":{"loc":{"start":{"line":34,"column":2},"end":{"line":36,"column":3}},"type":"if","locations":[{"start":{"line":34,"column":2},"end":{"line":36,"column":3}},{"start":{},"end":{}}],"line":34}},"s":{"0":7,"1":2,"2":5,"3":1,"4":4,"5":3,"6":1,"7":2,"8":2,"9":5,"10":5,"11":2,"12":3,"13":1,"14":2,"15":2},"f":{"0":7,"1":3,"2":2,"3":5,"4":2,"5":3},"b":{"0":[2,5],"1":[1,4],"2":[5,5],"3":[1,2],"4":[1,2]},"_coverageSchema":"1a1c01bbd47fc00a2c39e90264f33305004495a9","hash":"9e2f54fd7a22f2da2fbc2b938f51be281468f495"}
}
