TN:
SF:src\app.js
FN:13,(anonymous_0)
FN:27,(anonymous_1)
FN:53,(anonymous_2)
FN:72,(anonymous_3)
FNF:4
FNH:3
FNDA:2,(anonymous_0)
FNDA:3,(anonymous_1)
FNDA:0,(anonymous_2)
FNDA:3,(anonymous_3)
DA:1,1
DA:6,1
DA:8,1
DA:10,1
DA:13,1
DA:14,2
DA:20,2
DA:27,1
DA:28,3
DA:30,3
DA:31,1
DA:37,2
DA:38,2
DA:40,1
DA:45,1
DA:53,1
DA:54,0
DA:56,0
DA:57,0
DA:59,0
DA:64,0
DA:72,1
DA:73,3
DA:75,3
DA:76,1
DA:82,2
DA:84,2
DA:90,1
LF:28
LH:23
BRDA:30,0,0,1
BRDA:30,0,1,2
BRDA:30,1,0,3
BRDA:30,1,1,3
BRDA:75,2,0,1
BRDA:75,2,1,2
BRF:6
BRH:6
end_of_record
TN:
SF:src\utils\calculadora.js
FN:3,calcularDescuento
FN:13,calcularTotal
FN:18,(anonymous_2)
FN:23,validarEmail
FN:28,formatearMoneda
FN:33,aplicarIVA
FNF:6
FNH:6
FNDA:7,calcularDescuento
FNDA:3,calcularTotal
FNDA:2,(anonymous_2)
FNDA:5,validarEmail
FNDA:2,formatearMoneda
FNDA:3,aplicarIVA
DA:4,7
DA:6,5
DA:7,1
DA:10,4
DA:14,3
DA:15,1
DA:18,2
DA:19,2
DA:24,5
DA:25,5
DA:29,2
DA:34,3
DA:35,1
DA:38,2
DA:41,2
LF:15
LH:15
BRDA:4,0,0,2
BRDA:4,0,1,5
BRDA:6,1,0,1
BRDA:6,1,1,4
BRDA:6,2,0,5
BRDA:6,2,1,5
BRDA:14,3,0,1
BRDA:14,3,1,2
BRDA:34,4,0,1
BRDA:34,4,1,2
BRF:10
BRH:10
end_of_record
